This file contains any messages produced by compilers while
running configure, to aid debugging if configure makes a mistake.

It was created by riscv-toolchain configure 1.0, which was
generated by GNU Autoconf 2.71.  Invocation command line was

  $ ./configure --prefix=/opt/riscv --enable-multilib

## --------- ##
## Platform. ##
## --------- ##

hostname = bryson-hp-laptop-17-cn3xxx
uname -m = x86_64
uname -r = 6.14.0-36-generic
uname -s = Linux
uname -v = #36~24.04.1-Ubuntu SMP PREEMPT_DYNAMIC Wed Oct 15 15:45:17 UTC 2

/usr/bin/uname -p = x86_64
/bin/uname -X     = unknown

/bin/arch              = x86_64
/usr/bin/arch -k       = unknown
/usr/convex/getsysinfo = unknown
/usr/bin/hostinfo      = unknown
/bin/machine           = unknown
/usr/bin/oslevel       = unknown
/bin/universe          = unknown

PATH: /home/bryson/.cabal/bin/
PATH: /home/bryson/.ghcup/bin/
PATH: /usr/local/sbin/
PATH: /usr/local/bin/
PATH: /usr/sbin/
PATH: /usr/bin/
PATH: /sbin/
PATH: /bin/
PATH: /usr/games/
PATH: /usr/local/games/
PATH: /snap/bin/
PATH: /snap/bin/


## ----------- ##
## Core tests. ##
## ----------- ##

configure:2366: checking for gcc
configure:2387: found /usr/bin/gcc
configure:2398: result: gcc
configure:2751: checking for C compiler version
configure:2760: gcc --version >&5
gcc (Ubuntu 13.3.0-6ubuntu2~24.04) 13.3.0
Copyright (C) 2023 Free Software Foundation, Inc.
This is free software; see the source for copying conditions.  There is NO
warranty; not even for MERCHANTABILITY or FITNESS FOR A PARTICULAR PURPOSE.

configure:2771: $? = 0
configure:2760: gcc -v >&5
Using built-in specs.
COLLECT_GCC=gcc
COLLECT_LTO_WRAPPER=/usr/libexec/gcc/x86_64-linux-gnu/13/lto-wrapper
OFFLOAD_TARGET_NAMES=nvptx-none:amdgcn-amdhsa
OFFLOAD_TARGET_DEFAULT=1
Target: x86_64-linux-gnu
Configured with: ../src/configure -v --with-pkgversion='Ubuntu 13.3.0-6ubuntu2~24.04' --with-bugurl=file:///usr/share/doc/gcc-13/README.Bugs --enable-languages=c,ada,c++,go,d,fortran,objc,obj-c++,m2 --prefix=/usr --with-gcc-major-version-only --program-suffix=-13 --program-prefix=x86_64-linux-gnu- --enable-shared --enable-linker-build-id --libexecdir=/usr/libexec --without-included-gettext --enable-threads=posix --libdir=/usr/lib --enable-nls --enable-bootstrap --enable-clocale=gnu --enable-libstdcxx-debug --enable-libstdcxx-time=yes --with-default-libstdcxx-abi=new --enable-libstdcxx-backtrace --enable-gnu-unique-object --disable-vtable-verify --enable-plugin --enable-default-pie --with-system-zlib --enable-libphobos-checking=release --with-target-system-zlib=auto --enable-objc-gc=auto --enable-multiarch --disable-werror --enable-cet --with-arch-32=i686 --with-abi=m64 --with-multilib-list=m32,m64,mx32 --enable-multilib --with-tune=generic --enable-offload-targets=nvptx-none=/build/gcc-13-fG75Ri/gcc-13-13.3.0/debian/tmp-nvptx/usr,amdgcn-amdhsa=/build/gcc-13-fG75Ri/gcc-13-13.3.0/debian/tmp-gcn/usr --enable-offload-defaulted --without-cuda-driver --enable-checking=release --build=x86_64-linux-gnu --host=x86_64-linux-gnu --target=x86_64-linux-gnu --with-build-config=bootstrap-lto-lean --enable-link-serialization=2
Thread model: posix
Supported LTO compression algorithms: zlib zstd
gcc version 13.3.0 (Ubuntu 13.3.0-6ubuntu2~24.04) 
... rest of stderr output deleted ...
configure:2771: $? = 0
configure:2760: gcc -V >&5
gcc: error: unrecognized command-line option '-V'
gcc: fatal error: no input files
compilation terminated.
configure:2771: $? = 1
configure:2760: gcc -qversion >&5
gcc: error: unrecognized command-line option '-qversion'; did you mean '--version'?
gcc: fatal error: no input files
compilation terminated.
configure:2771: $? = 1
configure:2760: gcc -version >&5
gcc: error: unrecognized command-line option '-version'
gcc: fatal error: no input files
compilation terminated.
configure:2771: $? = 1
configure:2791: checking whether the C compiler works
configure:2813: gcc    conftest.c  >&5
configure:2817: $? = 0
configure:2867: result: yes
configure:2870: checking for C compiler default output file name
configure:2872: result: a.out
configure:2878: checking for suffix of executables
configure:2885: gcc -o conftest    conftest.c  >&5
configure:2889: $? = 0
configure:2912: result: 
configure:2934: checking whether we are cross compiling
configure:2942: gcc -o conftest    conftest.c  >&5
configure:2946: $? = 0
configure:2953: ./conftest
configure:2957: $? = 0
configure:2972: result: no
configure:2977: checking for suffix of object files
configure:3000: gcc -c   conftest.c >&5
configure:3004: $? = 0
configure:3026: result: o
configure:3030: checking whether the compiler supports GNU C
configure:3050: gcc -c   conftest.c >&5
configure:3050: $? = 0
configure:3060: result: yes
configure:3071: checking whether gcc accepts -g
configure:3092: gcc -c -g  conftest.c >&5
configure:3092: $? = 0
configure:3136: result: yes
configure:3156: checking for gcc option to enable C11 features
configure:3171: gcc  -c -g -O2  conftest.c >&5
configure:3171: $? = 0
configure:3189: result: none needed
configure:3299: checking for grep that handles long lines and -e
configure:3363: result: /usr/bin/grep
configure:3368: checking for fgrep
configure:3436: result: /usr/bin/grep -F
configure:3441: checking for grep that handles long lines and -e
configure:3505: result: /usr/bin/grep
configure:3513: checking for bash
configure:3549: result: /bin/bash
configure:3632: checking for __gmpz_init in -lgmp
configure:3655: gcc -o conftest -g -O2   conftest.c -lgmp   >&5
configure:3655: $? = 0
configure:3665: result: yes
configure:3677: checking for mpfr_init in -lmpfr
configure:3700: gcc -o conftest -g -O2   conftest.c -lmpfr  -lgmp  >&5
configure:3700: $? = 0
configure:3710: result: yes
configure:3722: checking for mpc_init2 in -lmpc
configure:3745: gcc -o conftest -g -O2   conftest.c -lmpc  -lmpfr -lgmp  >&5
configure:3745: $? = 0
configure:3755: result: yes
configure:3778: checking for curl
configure:3801: found /usr/bin/curl
configure:3814: result: /usr/bin/curl
configure:3824: checking for wget
configure:3847: found /usr/bin/wget
configure:3860: result: /usr/bin/wget
configure:3870: checking for ftp
configure:3893: found /usr/bin/ftp
configure:3906: result: /usr/bin/ftp
configure:4807: creating ./config.status

## ---------------------- ##
## Running config.status. ##
## ---------------------- ##

This file was extended by riscv-toolchain config.status 1.0, which was
generated by GNU Autoconf 2.71.  Invocation command line was

  CONFIG_FILES    = 
  CONFIG_HEADERS  = 
  CONFIG_LINKS    = 
  CONFIG_COMMANDS = 
  $ ./config.status 

on bryson-hp-laptop-17-cn3xxx

config.status:767: creating Makefile
config.status:767: creating scripts/wrapper/awk/awk
config.status:767: creating scripts/wrapper/sed/sed

## ---------------- ##
## Cache variables. ##
## ---------------- ##

ac_cv_c_compiler_gnu=yes
ac_cv_env_CC_set=
ac_cv_env_CC_value=
ac_cv_env_CFLAGS_set=
ac_cv_env_CFLAGS_value=
ac_cv_env_CPPFLAGS_set=
ac_cv_env_CPPFLAGS_value=
ac_cv_env_LDFLAGS_set=
ac_cv_env_LDFLAGS_value=
ac_cv_env_LIBS_set=
ac_cv_env_LIBS_value=
ac_cv_env_build_alias_set=
ac_cv_env_build_alias_value=
ac_cv_env_host_alias_set=
ac_cv_env_host_alias_value=
ac_cv_env_target_alias_set=
ac_cv_env_target_alias_value=
ac_cv_lib_gmp___gmpz_init=yes
ac_cv_lib_mpc_mpc_init2=yes
ac_cv_lib_mpfr_mpfr_init=yes
ac_cv_objext=o
ac_cv_path_BASH=/bin/bash
ac_cv_path_CURL=/usr/bin/curl
ac_cv_path_FGREP='/usr/bin/grep -F'
ac_cv_path_FTP=/usr/bin/ftp
ac_cv_path_GAWK=/usr/bin/gawk
ac_cv_path_GREP=/usr/bin/grep
ac_cv_path_GSED=/usr/bin/sed
ac_cv_path_WGET=/usr/bin/wget
ac_cv_prog_ac_ct_CC=gcc
ac_cv_prog_cc_c11=
ac_cv_prog_cc_g=yes
ac_cv_prog_cc_stdc=

## ----------------- ##
## Output variables. ##
## ----------------- ##

BASH='/bin/bash'
CC='gcc'
CFLAGS='-g -O2'
CPPFLAGS=''
CURL='/usr/bin/curl'
DEFS='-DPACKAGE_NAME=\"riscv-toolchain\" -DPACKAGE_TARNAME=\"riscv-toolchain\" -DPACKAGE_VERSION=\"1.0\" -DPACKAGE_STRING=\"riscv-toolchain\ 1.0\" -DPACKAGE_BUGREPORT=\"\" -DPACKAGE_URL=\"\" -DHAVE_LIBGMP=1 -DHAVE_LIBMPFR=1 -DHAVE_LIBMPC=1'
ECHO_C=''
ECHO_N='-n'
ECHO_T=''
EXEEXT=''
FETCHER='/usr/bin/curl -L -o - --ftp-pasv --retry 10'
FGREP='/usr/bin/grep -F'
FTP='/usr/bin/ftp'
GAWK='/usr/bin/gawk'
GREP='/usr/bin/grep'
GSED='/usr/bin/sed'
LDFLAGS=''
LIBOBJS=''
LIBS='-lmpc -lmpfr -lgmp '
LTLIBOBJS=''
NEED_GCC_EXTERNAL_LIBRARIES='false'
OBJEXT='o'
PACKAGE_BUGREPORT=''
PACKAGE_NAME='riscv-toolchain'
PACKAGE_STRING='riscv-toolchain 1.0'
PACKAGE_TARNAME='riscv-toolchain'
PACKAGE_URL=''
PACKAGE_VERSION='1.0'
PATH_SEPARATOR=':'
SHELL='/bin/bash'
WGET='/usr/bin/wget'
WITH_ABI='--with-abi=lp64d'
WITH_ARCH='--with-arch=rv64gc'
WITH_ISA_SPEC='--with-isa-spec=20191213'
WITH_LANGUAGES=''
WITH_SIM='qemu'
WITH_TUNE=''
ac_ct_CC='gcc'
bindir='${exec_prefix}/bin'
build_alias=''
cmodel='-mcmodel=medlow'
configure_host=''
datadir='${datarootdir}'
datarootdir='${prefix}/share'
debug_info=''
default_target='newlib'
docdir='${datarootdir}/doc/${PACKAGE_TARNAME}'
dvidir='${docdir}'
enable_default_pie='--disable-default-pie'
enable_gdb='--enable-gdb'
enable_host_gcc='--disable-host-gcc'
enable_libsanitizer='--disable-libsanitizer'
enable_llvm='--disable-llvm'
enable_strip_qemu=''
exec_prefix='${prefix}'
extra_multilib_test=''
gcc_checking=''
glibc_multilib_names='rv32imac-ilp32 rv32gc-ilp32d rv64imac-lp64 rv64gc-lp64d rv64gcv-lp64d'
host_alias=''
htmldir='${docdir}'
includedir='${prefix}/include'
infodir='${datarootdir}/info'
install_target='install'
libdir='${exec_prefix}/lib'
libexecdir='${exec_prefix}/libexec'
localedir='${datarootdir}/locale'
localstatedir='${prefix}/var'
mandir='${datarootdir}/man'
multilib_flags='--enable-multilib'
multilib_gen=''
musl_multilib_names='rv32imac-ilp32 rv32gc-ilp32d rv64imac-lp64 rv64gc-lp64d'
newlib_multilib_names='rv32i-ilp32 rv32iac-ilp32 rv32im-ilp32 rv32imac-ilp32 rv32imafc-ilp32f rv64imac-lp64 rv64gc-lp64d'
oldincludedir='/usr/include'
pdfdir='${docdir}'
prefix='/opt/riscv'
program_transform_name='s,x,x,'
psdir='${docdir}'
qemu_targets='riscv64-linux-user,riscv32-linux-user'
runstatedir='${localstatedir}/run'
sbindir='${exec_prefix}/sbin'
sharedstatedir='${prefix}/com'
sysconfdir='${prefix}/etc'
target_alias=''
target_cflags=''
target_cxxflags=''
with_binutils_src='$(srcdir)/binutils'
with_dejagnu_src='$(srcdir)/dejagnu'
with_gcc_src='$(srcdir)/gcc'
with_gdb_src='$(srcdir)/gdb'
with_glibc_src='$(srcdir)/glibc'
with_guile=''
with_linux_headers_src='$(srcdir)/linux-headers/include'
with_llvm_src='$(srcdir)/llvm'
with_musl_src='$(srcdir)/musl'
with_newlib_src='$(srcdir)/newlib'
with_pk_src='$(srcdir)/pk'
with_qemu_src='$(srcdir)/qemu'
with_spike_src='$(srcdir)/spike'
with_system_zlib='--with-system-zlib'
with_uclibc_src='$(srcdir)/uclibc-ng'

## ----------- ##
## confdefs.h. ##
## ----------- ##

/* confdefs.h */
#define PACKAGE_NAME "riscv-toolchain"
#define PACKAGE_TARNAME "riscv-toolchain"
#define PACKAGE_VERSION "1.0"
#define PACKAGE_STRING "riscv-toolchain 1.0"
#define PACKAGE_BUGREPORT ""
#define PACKAGE_URL ""
#define HAVE_LIBGMP 1
#define HAVE_LIBMPFR 1
#define HAVE_LIBMPC 1

configure: exit 0
